Automatically translated using m2cpp 2.0 on 2018-03-01 12:10:35

Error in class Var on line 1:
function [genCp, ugenCp] = bond(r, bv, bond, symOp, tol)
^
unknown data type

Error in class Var on line 1:
function [genCp, ugenCp] = bond(r, bv, bond, symOp, tol)
          ^
unknown data type

Error in class Var on line 1:
function [genCp, ugenCp] = bond(r, bv, bond, symOp, tol)
                 ^
unknown data type

Error in class Var on line 1:
function [genCp, ugenCp] = bond(r, bv, bond, symOp, tol)
                                ^
unknown data type

Error in class Var on line 1:
function [genCp, ugenCp] = bond(r, bv, bond, symOp, tol)
                                   ^
unknown data type

Error in class Var on line 1:
function [genCp, ugenCp] = bond(r, bv, bond, symOp, tol)
                                             ^
unknown data type

Error in class Var on line 1:
function [genCp, ugenCp] = bond(r, bv, bond, symOp, tol)
                                                    ^
unknown data type

Error in class Var on line 63:

tolDist = 1e-5;
 ^
unknown data type

Error in class Var on line 74:

r1 = r(:,bond(4));
 ^
unknown data type

Error in class Var on line 75:

r2 = r(:,bond(5));
 ^
unknown data type

Error in class Var on line 76:

dl = bond(1:3);
 ^
unknown data type

Error in class Var on line 79:

r1new = permute(mmat(symOp(:,1:3,:),r1)+symOp(:,4,:),[1 3 2]);
 ^
unknown data type

Error in class Var on line 79:

r1new = permute(mmat(symOp(:,1:3,:),r1)+symOp(:,4,:),[1 3 2]);
                                     ^
unknown data type

Error in class Plus on line 79:

r1new = permute(mmat(symOp(:,1:3,:),r1)+symOp(:,4,:),[1 3 2]);
                 ^
non-numerical addition ['TYPE', 'TYPE']

Error in class Var on line 80:

r2new = permute(mmat(symOp(:,1:3,:),r2)+symOp(:,4,:),[1 3 2]);
 ^
unknown data type

Error in class Var on line 80:

r2new = permute(mmat(symOp(:,1:3,:),r2)+symOp(:,4,:),[1 3 2]);
                                     ^
unknown data type

Error in class Plus on line 80:

r2new = permute(mmat(symOp(:,1:3,:),r2)+symOp(:,4,:),[1 3 2]);
                 ^
non-numerical addition ['TYPE', 'TYPE']

Error in class Var on line 81:

dlnew = permute(mmat(symOp(:,1:3,:),dl),[1 3 2]) - cfloor(r1new,tol) + cfloor(r2new,tol);
 ^
unknown data type

Error in class Var on line 81:

dlnew = permute(mmat(symOp(:,1:3,:),dl),[1 3 2]) - cfloor(r1new,tol) + cfloor(r2new,tol);
                                     ^
unknown data type

Error in class Var on line 81:

dlnew = permute(mmat(symOp(:,1:3,:),dl),[1 3 2]) - cfloor(r1new,tol) + cfloor(r2new,tol);
                                                           ^
unknown data type

Error in class Var on line 81:

dlnew = permute(mmat(symOp(:,1:3,:),dl),[1 3 2]) - cfloor(r1new,tol) + cfloor(r2new,tol);
                                                                 ^
unknown data type

Error in class Var on line 81:

dlnew = permute(mmat(symOp(:,1:3,:),dl),[1 3 2]) - cfloor(r1new,tol) + cfloor(r2new,tol);
                                                                               ^
unknown data type

Error in class Var on line 81:

dlnew = permute(mmat(symOp(:,1:3,:),dl),[1 3 2]) - cfloor(r1new,tol) + cfloor(r2new,tol);
                                                                                     ^
unknown data type

Error in class Plus on line 81:

dlnew = permute(mmat(symOp(:,1:3,:),dl),[1 3 2]) - cfloor(r1new,tol) + cfloor(r2new,tol);
         ^
non-numerical addition ['TYPE', 'TYPE']

Error in class Var on line 84:

r1new = mod(r1new,1);
 ^
unknown data type

Error in class Var on line 84:

r1new = mod(r1new,1);
             ^
unknown data type

Error in class Var on line 85:

r2new = mod(r2new,1);
 ^
unknown data type

Error in class Var on line 85:

r2new = mod(r2new,1);
             ^
unknown data type

Error in class Var on line 89:

[iNew, atom1] = isnewUC(r,r1new,tolDist);
  ^
unknown data type

Error in class Var on line 89:

[iNew, atom1] = isnewUC(r,r1new,tolDist);
        ^
unknown data type

Error in class Var on line 89:

[iNew, atom1] = isnewUC(r,r1new,tolDist);
                         ^
unknown data type

Error in class Var on line 89:

[iNew, atom1] = isnewUC(r,r1new,tolDist);
                           ^
unknown data type

Error in class Var on line 89:

[iNew, atom1] = isnewUC(r,r1new,tolDist);
                                 ^
unknown data type

Error in class Var on line 90:

if any(iNew)
        ^
unknown data type

Error in class Var on line 93:

[iNew, atom2] = isnewUC(r,r2new,tolDist);
  ^
unknown data type

Error in class Var on line 93:

[iNew, atom2] = isnewUC(r,r2new,tolDist);
        ^
unknown data type

Error in class Var on line 93:

[iNew, atom2] = isnewUC(r,r2new,tolDist);
                         ^
unknown data type

Error in class Var on line 93:

[iNew, atom2] = isnewUC(r,r2new,tolDist);
                           ^
unknown data type

Error in class Var on line 93:

[iNew, atom2] = isnewUC(r,r2new,tolDist);
                                 ^
unknown data type

Error in class Var on line 94:

if any(iNew)
        ^
unknown data type

Error in class Var on line 98:

dist = sqrt(sum((bv*(r(:,atom2)-r(:,atom1)+dlnew)).^2,1));
 ^
unknown data type

Error in class Var on line 98:

dist = sqrt(sum((bv*(r(:,atom2)-r(:,atom1)+dlnew)).^2,1));
                  ^
unknown data type

Error in class Var on line 98:

dist = sqrt(sum((bv*(r(:,atom2)-r(:,atom1)+dlnew)).^2,1));
                          ^
unknown data type

Error in class Var on line 98:

dist = sqrt(sum((bv*(r(:,atom2)-r(:,atom1)+dlnew)).^2,1));
                                     ^
unknown data type

Error in class Var on line 98:

dist = sqrt(sum((bv*(r(:,atom2)-r(:,atom1)+dlnew)).^2,1));
                                            ^
unknown data type

Error in class Plus on line 98:

dist = sqrt(sum((bv*(r(:,atom2)-r(:,atom1)+dlnew)).^2,1));
                      ^
non-numerical addition ['TYPE', 'TYPE']

Error in class Get on line 98:

dist = sqrt(sum((bv*(r(:,atom2)-r(:,atom1)+dlnew)).^2,1));
             ^
sum over non-array

Error in class Var on line 99:

rightDist = abs(dist-dist(1)) < tol;
 ^
unknown data type

Error in class Var on line 99:

rightDist = abs(dist-dist(1)) < tol;
                 ^
unknown data type

Error in class Var on line 99:

rightDist = abs(dist-dist(1)) < tol;
                                 ^
unknown data type

Error in class Var on line 100:

if ~all(rightDist)
         ^
unknown data type

Error in class Var on line 104:

genCp = [dlnew; atom1; atom2];
 ^
unknown data type

Error in class Var on line 104:

genCp = [dlnew; atom1; atom2];
          ^
unknown data type

Error in class Var on line 104:

genCp = [dlnew; atom1; atom2];
                 ^
unknown data type

Error in class Var on line 104:

genCp = [dlnew; atom1; atom2];
                        ^
unknown data type

Error in class Var on line 105:

genCp = genCp(:,rightDist);
 ^
unknown data type

Error in class Var on line 105:

genCp = genCp(:,rightDist);
                 ^
unknown data type

Error in class Var on line 107:

if nargout > 1
    ^
unknown data type

Error in class Var on line 109:

    ugenCp = uniqueb(genCp);
     ^
unknown data type

Error in class Var on line 109:

    ugenCp = uniqueb(genCp);
                      ^
unknown data type

Error in class Var on line 114:

function [isnew, symIdx] = isnewUC(A,B,tol)
 ^
unknown data type

Error in class Var on line 114:

function [isnew, symIdx] = isnewUC(A,B,tol)
           ^
unknown data type

Error in class Var on line 114:

function [isnew, symIdx] = isnewUC(A,B,tol)
                  ^
unknown data type

Error in class Var on line 114:

function [isnew, symIdx] = isnewUC(A,B,tol)
                                    ^
unknown data type

Error in class Var on line 114:

function [isnew, symIdx] = isnewUC(A,B,tol)
                                      ^
unknown data type

Error in class Var on line 114:

function [isnew, symIdx] = isnewUC(A,B,tol)
                                        ^
unknown data type

Error in class Var on line 128:

nA = size(A,2);
 ^
unknown data type

Error in class Var on line 128:

nA = size(A,2);
           ^
unknown data type

Error in class Var on line 129:

nB = size(B,2);
 ^
unknown data type

Error in class Var on line 129:

nB = size(B,2);
           ^
unknown data type

Error in class Var on line 131:

notequal = sum(sw_cmod(abs(repmat(permute(A,[2 3 1]),[1 nB 1]) - repmat(permute(B,[3 2 1]),[nA 1 1])),tol).^2,3) > tol;
 ^
unknown data type

Error in class Var on line 131:

notequal = sum(sw_cmod(abs(repmat(permute(A,[2 3 1]),[1 nB 1]) - repmat(permute(B,[3 2 1]),[nA 1 1])),tol).^2,3) > tol;
                                           ^
unknown data type

Error in class Var on line 131:

notequal = sum(sw_cmod(abs(repmat(permute(A,[2 3 1]),[1 nB 1]) - repmat(permute(B,[3 2 1]),[nA 1 1])),tol).^2,3) > tol;
                                                         ^
unknown data type

Error in class Var on line 131:

notequal = sum(sw_cmod(abs(repmat(permute(A,[2 3 1]),[1 nB 1]) - repmat(permute(B,[3 2 1]),[nA 1 1])),tol).^2,3) > tol;
                                                                                 ^
unknown data type

Error in class Var on line 131:

notequal = sum(sw_cmod(abs(repmat(permute(A,[2 3 1]),[1 nB 1]) - repmat(permute(B,[3 2 1]),[nA 1 1])),tol).^2,3) > tol;
                                                                                             ^
unknown data type

Error in class Var on line 131:

notequal = sum(sw_cmod(abs(repmat(permute(A,[2 3 1]),[1 nB 1]) - repmat(permute(B,[3 2 1]),[nA 1 1])),tol).^2,3) > tol;
                                                                                                       ^
unknown data type

Error in class Get on line 131:

notequal = sum(sw_cmod(abs(repmat(permute(A,[2 3 1]),[1 nB 1]) - repmat(permute(B,[3 2 1]),[nA 1 1])),tol).^2,3) > tol;
            ^
sum over non-array

Error in class Var on line 131:

notequal = sum(sw_cmod(abs(repmat(permute(A,[2 3 1]),[1 nB 1]) - repmat(permute(B,[3 2 1]),[nA 1 1])),tol).^2,3) > tol;
                                                                                                                    ^
unknown data type

Error in class Var on line 132:

isnew  = all(notequal,1);
 ^
unknown data type

Error in class Var on line 132:

isnew  = all(notequal,1);
              ^
unknown data type

Error in class Var on line 133:

idx    = 1:nB;
 ^
unknown data type

Error in class Var on line 133:

idx    = 1:nB;
            ^
unknown data type

Error in class Var on line 134:

symIdx = max(bsxfun(@times,~notequal(:,idx(~isnew)),(1:size(notequal,1))'),[],1);
 ^
unknown data type

Error in class Var on line 134:

symIdx = max(bsxfun(@times,~notequal(:,idx(~isnew)),(1:size(notequal,1))'),[],1);
                     ^
unknown data type

Error in class Var on line 134:

symIdx = max(bsxfun(@times,~notequal(:,idx(~isnew)),(1:size(notequal,1))'),[],1);
                                             ^
unknown data type

Error in class Var on line 134:

symIdx = max(bsxfun(@times,~notequal(:,idx(~isnew)),(1:size(notequal,1))'),[],1);
                                                             ^
unknown data type

Error in class Var on line 138:

function r = sw_cmod(r, tol)
          ^
unknown data type

Error in class Var on line 138:

function r = sw_cmod(r, tol)
                      ^
unknown data type

Error in class Var on line 138:

function r = sw_cmod(r, tol)
                         ^
unknown data type

Error in class Var on line 155:

r = mod(r,1);
 ^
unknown data type

Error in class Var on line 155:

r = mod(r,1);
         ^
unknown data type

Error in class Var on line 157:

r(r > 1-tol) = r(r > 1-tol)-1;
   ^
unknown data type

Error in class Var on line 157:

r(r > 1-tol) = r(r > 1-tol)-1;
         ^
unknown data type

Error in class Set on line 157:

r(r > 1-tol) = r(r > 1-tol)-1;
 ^
unknown data type

Error in class Var on line 157:

r(r > 1-tol) = r(r > 1-tol)-1;
                  ^
unknown data type

Error in class Var on line 157:

r(r > 1-tol) = r(r > 1-tol)-1;
                        ^
unknown data type

Error in class Var on line 161:

function r = cfloor(r0, tol)
 ^
unknown data type

Error in class Var on line 161:

function r = cfloor(r0, tol)
          ^
unknown data type

Error in class Var on line 161:

function r = cfloor(r0, tol)
                     ^
unknown data type

Error in class Var on line 161:

function r = cfloor(r0, tol)
                         ^
unknown data type

Error in class Var on line 167:

r      = floor(r0);
 ^
unknown data type

Error in class Var on line 167:

r      = floor(r0);
                ^
unknown data type

Error in class Var on line 168:

idx    = abs(r0-r) > 1 - tol;
 ^
unknown data type

Error in class Var on line 168:

idx    = abs(r0-r) > 1 - tol;
              ^
unknown data type

Error in class Var on line 168:

idx    = abs(r0-r) > 1 - tol;
                 ^
unknown data type

Error in class Var on line 168:

idx    = abs(r0-r) > 1 - tol;
                          ^
unknown data type

Error in class Var on line 169:

r(idx) = r(idx) + 1;
   ^
unknown data type

Error in class Set on line 169:

r(idx) = r(idx) + 1;
 ^
unknown data type

Error in class Var on line 169:

r(idx) = r(idx) + 1;
            ^
unknown data type

Error in class Plus on line 169:

r(idx) = r(idx) + 1;
          ^
non-numerical addition ['TYPE', 'int']

Error in class Var on line 173:

function uniqueB = uniqueb(bond)
 ^
unknown data type

Error in class Var on line 173:

function uniqueB = uniqueb(bond)
          ^
unknown data type

Error in class Var on line 181:

nC  = size(bond,2);
 ^
unknown data type

Error in class Var on line 182:

c1  = permute(bond,[2 3 1]);
 ^
unknown data type

Error in class Var on line 183:

c2  = permute(bond,[3 2 1]);
 ^
unknown data type

Error in class Var on line 184:

nc1 = permute([-bond(1:3,:); bond([5 4],:)],[2 3 1]);
 ^
unknown data type

Error in class Var on line 186:

uniqueB = all(triu(any(bsxfun(@ne, c1,c2),3) & any(bsxfun(@ne,nc1,c2),3)) | tril(ones(nC)),1);
 ^
unknown data type

Error in class Var on line 186:

uniqueB = all(triu(any(bsxfun(@ne, c1,c2),3) & any(bsxfun(@ne,nc1,c2),3)) | tril(ones(nC)),1);
                               ^
unknown data type

Error in class Var on line 186:

uniqueB = all(triu(any(bsxfun(@ne, c1,c2),3) & any(bsxfun(@ne,nc1,c2),3)) | tril(ones(nC)),1);
                                    ^
unknown data type

Error in class Var on line 186:

uniqueB = all(triu(any(bsxfun(@ne, c1,c2),3) & any(bsxfun(@ne,nc1,c2),3)) | tril(ones(nC)),1);
                                       ^
unknown data type

Error in class Var on line 186:

uniqueB = all(triu(any(bsxfun(@ne, c1,c2),3) & any(bsxfun(@ne,nc1,c2),3)) | tril(ones(nC)),1);
                                                           ^
unknown data type

Error in class Var on line 186:

uniqueB = all(triu(any(bsxfun(@ne, c1,c2),3) & any(bsxfun(@ne,nc1,c2),3)) | tril(ones(nC)),1);
                                                               ^
unknown data type

Error in class Var on line 186:

uniqueB = all(triu(any(bsxfun(@ne, c1,c2),3) & any(bsxfun(@ne,nc1,c2),3)) | tril(ones(nC)),1);
                                                                   ^
unknown data type

Error in class Var on line 186:

uniqueB = all(triu(any(bsxfun(@ne, c1,c2),3) & any(bsxfun(@ne,nc1,c2),3)) | tril(ones(nC)),1);
                                                                                       ^
unknown data type