Automatically translated using m2cpp 2.0 on 2018-03-01 12:16:12

Error in class Var on line 1:
function [r, aIdx, opInfo] = position(symOp, r0, fid, tol)
^
unknown data type

Error in class Var on line 1:
function [r, aIdx, opInfo] = position(symOp, r0, fid, tol)
          ^
unknown data type

Error in class Var on line 1:
function [r, aIdx, opInfo] = position(symOp, r0, fid, tol)
             ^
unknown data type

Error in class Var on line 1:
function [r, aIdx, opInfo] = position(symOp, r0, fid, tol)
                                      ^
unknown data type

Error in class Var on line 1:
function [r, aIdx, opInfo] = position(symOp, r0, fid, tol)
                                             ^
unknown data type

Error in class Var on line 1:
function [r, aIdx, opInfo] = position(symOp, r0, fid, tol)
                                                 ^
unknown data type

Error in class Var on line 1:
function [r, aIdx, opInfo] = position(symOp, r0, fid, tol)
                                                      ^
unknown data type

Error in class Var on line 76:

if isempty(symOp)
            ^
unknown data type

Error in class Var on line 77:

    symOp = [eye(3) zeros(3,1)];
     ^
unknown data type

Error in class Var on line 88:

if size(r0,1)~=3
         ^
unknown data type

Error in class Var on line 92:

nAtom   = size(r0,2);
 ^
unknown data type

Error in class Var on line 92:

nAtom   = size(r0,2);
                ^
unknown data type

Error in class Var on line 93:

r    = zeros(3,0);
 ^
unknown data type

Error in class Var on line 94:

aIdx    = [];
 ^
unknown data type

Error in class Var on line 95:

isMoved = cell(1,nAtom);
 ^
unknown data type

Error in class Var on line 95:

isMoved = cell(1,nAtom);
                  ^
unknown data type

Error in class Var on line 96:

opMove  = zeros(3,3,0);
 ^
unknown data type

Error in class Var on line 99:

for ii = 1:nAtom
     ^
unknown data type

Error in class Var on line 99:

for ii = 1:nAtom
            ^
unknown data type

Error in class Var on line 102:

    rTemp  = permute(mod(mmat(symOp(:,1:3,:),r0(:,ii))+symOp(:,4,:),1),[1 3 2]);
     ^
unknown data type

Error in class Var on line 102:

    rTemp  = permute(mod(mmat(symOp(:,1:3,:),r0(:,ii))+symOp(:,4,:),1),[1 3 2]);
                                                   ^
unknown data type

Error in class Plus on line 102:

    rTemp  = permute(mod(mmat(symOp(:,1:3,:),r0(:,ii))+symOp(:,4,:),1),[1 3 2]);
                          ^
non-numerical addition ['TYPE', 'TYPE']

Error in class Cvar on line 104:

    isMoved{ii} = sum(bsxfun(@minus,sw_cmod(rTemp,tol),sw_cmod(r0(:,ii),tol)).^2,1) > tol^2;
     ^
Behaves like cell, not TYPE

Error in class Var on line 104:

    isMoved{ii} = sum(bsxfun(@minus,sw_cmod(rTemp,tol),sw_cmod(r0(:,ii),tol)).^2,1) > tol^2;
                              ^
unknown data type

Error in class Var on line 104:

    isMoved{ii} = sum(bsxfun(@minus,sw_cmod(rTemp,tol),sw_cmod(r0(:,ii),tol)).^2,1) > tol^2;
                                             ^
unknown data type

Error in class Var on line 104:

    isMoved{ii} = sum(bsxfun(@minus,sw_cmod(rTemp,tol),sw_cmod(r0(:,ii),tol)).^2,1) > tol^2;
                                                   ^
unknown data type

Error in class Var on line 104:

    isMoved{ii} = sum(bsxfun(@minus,sw_cmod(rTemp,tol),sw_cmod(r0(:,ii),tol)).^2,1) > tol^2;
                                                                     ^
unknown data type

Error in class Var on line 104:

    isMoved{ii} = sum(bsxfun(@minus,sw_cmod(rTemp,tol),sw_cmod(r0(:,ii),tol)).^2,1) > tol^2;
                                                                         ^
unknown data type

Error in class Get on line 104:

    isMoved{ii} = sum(bsxfun(@minus,sw_cmod(rTemp,tol),sw_cmod(r0(:,ii),tol)).^2,1) > tol^2;
                   ^
sum over non-array

Error in class Var on line 104:

    isMoved{ii} = sum(bsxfun(@minus,sw_cmod(rTemp,tol),sw_cmod(r0(:,ii),tol)).^2,1) > tol^2;
                                                                                       ^
unknown data type

Error in class Var on line 105:

    if numel(rTemp) > 3
              ^
unknown data type

Error in class Var on line 107:

        [rTemp, idxF] = sw_uniquetol(sw_cmod(rTemp,tol),tol);
          ^
unknown data type

Error in class Var on line 107:

        [rTemp, idxF] = sw_uniquetol(sw_cmod(rTemp,tol),tol);
                 ^
unknown data type

Error in class Var on line 107:

        [rTemp, idxF] = sw_uniquetol(sw_cmod(rTemp,tol),tol);
                                              ^
unknown data type

Error in class Var on line 107:

        [rTemp, idxF] = sw_uniquetol(sw_cmod(rTemp,tol),tol);
                                                    ^
unknown data type

Error in class Var on line 107:

        [rTemp, idxF] = sw_uniquetol(sw_cmod(rTemp,tol),tol);
                                                         ^
unknown data type

Error in class Var on line 109:

        idxF = 1;
         ^
unknown data type

Error in class Var on line 111:

    r   = [r rTemp]; %#ok<AGROW>
     ^
unknown data type

Error in class Var on line 111:

    r   = [r rTemp]; %#ok<AGROW>
            ^
unknown data type

Error in class Var on line 111:

    r   = [r rTemp]; %#ok<AGROW>
              ^
unknown data type

Error in class Var on line 112:

    aIdx   = [aIdx ones(1,size(rTemp,2))*ii]; %#ok<AGROW>
     ^
unknown data type

Error in class Var on line 112:

    aIdx   = [aIdx ones(1,size(rTemp,2))*ii]; %#ok<AGROW>
               ^
unknown data type

Error in class Var on line 112:

    aIdx   = [aIdx ones(1,size(rTemp,2))*ii]; %#ok<AGROW>
                                ^
unknown data type

Error in class Var on line 112:

    aIdx   = [aIdx ones(1,size(rTemp,2))*ii]; %#ok<AGROW>
                                          ^
unknown data type

Error in class Var on line 113:

    opMove = cat(3, opMove, symOp(:,1:3,idxF));
     ^
unknown data type

Error in class Var on line 113:

    opMove = cat(3, opMove, symOp(:,1:3,idxF));
                     ^
unknown data type

Error in class Var on line 113:

    opMove = cat(3, opMove, symOp(:,1:3,idxF));
                                         ^
unknown data type

Error in class Var on line 116:

opInfo.ismoved = isMoved;
                  ^
unknown data type

Error in class Var on line 117:

opInfo.opmove  = opMove;
                  ^
unknown data type

Error in class Var on line 119:

nGenAtom = numel(aIdx);
 ^
unknown data type

Error in class Var on line 119:

nGenAtom = numel(aIdx);
                  ^
unknown data type

Error in class Var on line 121:

if fid ~= 0
    ^
unknown data type

Error in class Var on line 122:

    idx = 1;
     ^
unknown data type

Error in class Var on line 123:

    for ii = 1:nAtom
         ^
unknown data type

Error in class Var on line 123:

    for ii = 1:nAtom
                ^
unknown data type

Error in class Var on line 124:

        fprintf(fid,'\nAtomic coordinates generated for: (%5.3f %5.3f %5.3f)\n',r0(:,ii));
                 ^
unknown data type

Error in class Var on line 124:

        fprintf(fid,'\nAtomic coordinates generated for: (%5.3f %5.3f %5.3f)\n',r0(:,ii));
                                                                                      ^
unknown data type

Error in class Var on line 125:

        idx2 = 1;
         ^
unknown data type

Error in class Var on line 126:

        while idx<=nGenAtom && aIdx(idx) == ii
               ^
unknown data type

Error in class Var on line 126:

        while idx<=nGenAtom && aIdx(idx) == ii
                    ^
unknown data type

Error in class Var on line 126:

        while idx<=nGenAtom && aIdx(idx) == ii
                                     ^
unknown data type

Error in class Var on line 126:

        while idx<=nGenAtom && aIdx(idx) == ii
                                             ^
unknown data type

Error in class Var on line 127:

            fprintf(fid,'R%02i = (%5.3f %5.3f %5.3f)\n',idx2,r(:,idx));
                     ^
unknown data type

Error in class Var on line 127:

            fprintf(fid,'R%02i = (%5.3f %5.3f %5.3f)\n',idx2,r(:,idx));
                                                         ^
unknown data type

Error in class Var on line 127:

            fprintf(fid,'R%02i = (%5.3f %5.3f %5.3f)\n',idx2,r(:,idx));
                                                                  ^
unknown data type

Error in class Var on line 128:

            idx2 = idx2 + 1;
             ^
unknown data type

Error in class Var on line 128:

            idx2 = idx2 + 1;
                    ^
unknown data type

Error in class Plus on line 128:

            idx2 = idx2 + 1;
                    ^
non-numerical addition ['TYPE', 'int']

Error in class Var on line 129:

            idx  = idx  + 1;
             ^
unknown data type

Error in class Var on line 129:

            idx  = idx  + 1;
                    ^
unknown data type

Error in class Plus on line 129:

            idx  = idx  + 1;
                    ^
non-numerical addition ['TYPE', 'int']

Error in class While on line 126:

        while idx<=nGenAtom && aIdx(idx) == ii
         ^
While-loops are currently not supported.

Error in class Var on line 136:

function r = sw_cmod(r, tol)
          ^
unknown data type

Error in class Var on line 136:

function r = sw_cmod(r, tol)
                      ^
unknown data type

Error in class Var on line 136:

function r = sw_cmod(r, tol)
                         ^
unknown data type

Error in class Var on line 153:

r = mod(r,1);
 ^
unknown data type

Error in class Var on line 153:

r = mod(r,1);
         ^
unknown data type

Error in class Var on line 155:

r(r > 1-tol) = r(r > 1-tol)-1;
   ^
unknown data type

Error in class Var on line 155:

r(r > 1-tol) = r(r > 1-tol)-1;
         ^
unknown data type

Error in class Set on line 155:

r(r > 1-tol) = r(r > 1-tol)-1;
 ^
unknown data type

Error in class Var on line 155:

r(r > 1-tol) = r(r > 1-tol)-1;
                  ^
unknown data type

Error in class Var on line 155:

r(r > 1-tol) = r(r > 1-tol)-1;
                        ^
unknown data type